
Collecting tasks from: tasks.py
=================== Running: [96morder_robots_from_RobotSpareBin[0m ===================
C:\Users\Andrei\.python-code\robocorp_python_courses\my-rsb-orders-robot\output\1.png deleted.
C:\Users\Andrei\.python-code\robocorp_python_courses\my-rsb-orders-robot\output\10.png deleted.
C:\Users\Andrei\.python-code\robocorp_python_courses\my-rsb-orders-robot\output\11.png deleted.
C:\Users\Andrei\.python-code\robocorp_python_courses\my-rsb-orders-robot\output\12.png deleted.
C:\Users\Andrei\.python-code\robocorp_python_courses\my-rsb-orders-robot\output\13.png deleted.
C:\Users\Andrei\.python-code\robocorp_python_courses\my-rsb-orders-robot\output\14.png deleted.
C:\Users\Andrei\.python-code\robocorp_python_courses\my-rsb-orders-robot\output\15.png deleted.
C:\Users\Andrei\.python-code\robocorp_python_courses\my-rsb-orders-robot\output\16.png deleted.
C:\Users\Andrei\.python-code\robocorp_python_courses\my-rsb-orders-robot\output\17.png deleted.
C:\Users\Andrei\.python-code\robocorp_python_courses\my-rsb-orders-robot\output\18.png deleted.
C:\Users\Andrei\.python-code\robocorp_python_courses\my-rsb-orders-robot\output\19.png deleted.
C:\Users\Andrei\.python-code\robocorp_python_courses\my-rsb-orders-robot\output\2.png deleted.
C:\Users\Andrei\.python-code\robocorp_python_courses\my-rsb-orders-robot\output\20.png deleted.
C:\Users\Andrei\.python-code\robocorp_python_courses\my-rsb-orders-robot\output\3.png deleted.
C:\Users\Andrei\.python-code\robocorp_python_courses\my-rsb-orders-robot\output\4.png deleted.
C:\Users\Andrei\.python-code\robocorp_python_courses\my-rsb-orders-robot\output\5.png deleted.
C:\Users\Andrei\.python-code\robocorp_python_courses\my-rsb-orders-robot\output\6.png deleted.
C:\Users\Andrei\.python-code\robocorp_python_courses\my-rsb-orders-robot\output\7.png deleted.
C:\Users\Andrei\.python-code\robocorp_python_courses\my-rsb-orders-robot\output\8.png deleted.
C:\Users\Andrei\.python-code\robocorp_python_courses\my-rsb-orders-robot\output\9.png deleted.
C:\Users\Andrei\.python-code\robocorp_python_courses\my-rsb-orders-robot\output\order_1.pdf deleted.
C:\Users\Andrei\.python-code\robocorp_python_courses\my-rsb-orders-robot\output\order_10.pdf deleted.
C:\Users\Andrei\.python-code\robocorp_python_courses\my-rsb-orders-robot\output\order_11.pdf deleted.
C:\Users\Andrei\.python-code\robocorp_python_courses\my-rsb-orders-robot\output\order_12.pdf deleted.
C:\Users\Andrei\.python-code\robocorp_python_courses\my-rsb-orders-robot\output\order_13.pdf deleted.
C:\Users\Andrei\.python-code\robocorp_python_courses\my-rsb-orders-robot\output\order_14.pdf deleted.
C:\Users\Andrei\.python-code\robocorp_python_courses\my-rsb-orders-robot\output\order_15.pdf deleted.
C:\Users\Andrei\.python-code\robocorp_python_courses\my-rsb-orders-robot\output\order_16.pdf deleted.
C:\Users\Andrei\.python-code\robocorp_python_courses\my-rsb-orders-robot\output\order_17.pdf deleted.
C:\Users\Andrei\.python-code\robocorp_python_courses\my-rsb-orders-robot\output\order_18.pdf deleted.
C:\Users\Andrei\.python-code\robocorp_python_courses\my-rsb-orders-robot\output\order_19.pdf deleted.
C:\Users\Andrei\.python-code\robocorp_python_courses\my-rsb-orders-robot\output\order_2.pdf deleted.
C:\Users\Andrei\.python-code\robocorp_python_courses\my-rsb-orders-robot\output\order_20.pdf deleted.
C:\Users\Andrei\.python-code\robocorp_python_courses\my-rsb-orders-robot\output\order_3.pdf deleted.
C:\Users\Andrei\.python-code\robocorp_python_courses\my-rsb-orders-robot\output\order_4.pdf deleted.
C:\Users\Andrei\.python-code\robocorp_python_courses\my-rsb-orders-robot\output\order_5.pdf deleted.
C:\Users\Andrei\.python-code\robocorp_python_courses\my-rsb-orders-robot\output\order_6.pdf deleted.
C:\Users\Andrei\.python-code\robocorp_python_courses\my-rsb-orders-robot\output\order_7.pdf deleted.
C:\Users\Andrei\.python-code\robocorp_python_courses\my-rsb-orders-robot\output\order_8.pdf deleted.
C:\Users\Andrei\.python-code\robocorp_python_courses\my-rsb-orders-robot\output\order_9.pdf deleted.
C:\Users\Andrei\.python-code\robocorp_python_courses\my-rsb-orders-robot\output\receipt_1.png deleted.
C:\Users\Andrei\.python-code\robocorp_python_courses\my-rsb-orders-robot\output\receipt_10.png deleted.
C:\Users\Andrei\.python-code\robocorp_python_courses\my-rsb-orders-robot\output\receipt_11.png deleted.
C:\Users\Andrei\.python-code\robocorp_python_courses\my-rsb-orders-robot\output\receipt_12.png deleted.
C:\Users\Andrei\.python-code\robocorp_python_courses\my-rsb-orders-robot\output\receipt_13.png deleted.
C:\Users\Andrei\.python-code\robocorp_python_courses\my-rsb-orders-robot\output\receipt_14.png deleted.
C:\Users\Andrei\.python-code\robocorp_python_courses\my-rsb-orders-robot\output\receipt_15.png deleted.
C:\Users\Andrei\.python-code\robocorp_python_courses\my-rsb-orders-robot\output\receipt_16.png deleted.
C:\Users\Andrei\.python-code\robocorp_python_courses\my-rsb-orders-robot\output\receipt_17.png deleted.
C:\Users\Andrei\.python-code\robocorp_python_courses\my-rsb-orders-robot\output\receipt_18.png deleted.
C:\Users\Andrei\.python-code\robocorp_python_courses\my-rsb-orders-robot\output\receipt_19.png deleted.
C:\Users\Andrei\.python-code\robocorp_python_courses\my-rsb-orders-robot\output\receipt_2.png deleted.
C:\Users\Andrei\.python-code\robocorp_python_courses\my-rsb-orders-robot\output\receipt_20.png deleted.
C:\Users\Andrei\.python-code\robocorp_python_courses\my-rsb-orders-robot\output\receipt_3.png deleted.
C:\Users\Andrei\.python-code\robocorp_python_courses\my-rsb-orders-robot\output\receipt_4.png deleted.
C:\Users\Andrei\.python-code\robocorp_python_courses\my-rsb-orders-robot\output\receipt_5.png deleted.
C:\Users\Andrei\.python-code\robocorp_python_courses\my-rsb-orders-robot\output\receipt_6.png deleted.
C:\Users\Andrei\.python-code\robocorp_python_courses\my-rsb-orders-robot\output\receipt_7.png deleted.
C:\Users\Andrei\.python-code\robocorp_python_courses\my-rsb-orders-robot\output\receipt_8.png deleted.
C:\Users\Andrei\.python-code\robocorp_python_courses\my-rsb-orders-robot\output\receipt_9.png deleted.
[96morder_robots_from_RobotSpareBin[0m status: PASS
================================================================================
Robocorp Log (html): c:\Users\Andrei\.python-code\robocorp_python_courses\my-rsb-orders-robot\output\log.html
